INFO - 2025-12-10 08:37:18 --> Session: Class initialized using 'CodeIgniter\Session\Handlers\FileHandler' driver.
INFO - 2025-12-10 08:37:21 --> Session: Class initialized using 'CodeIgniter\Session\Handlers\FileHandler' driver.
INFO - 2025-12-10 08:37:28 --> Session: Class initialized using 'CodeIgniter\Session\Handlers\FileHandler' driver.
INFO - 2025-12-10 08:37:30 --> Session: Class initialized using 'CodeIgniter\Session\Handlers\FileHandler' driver.
DEBUG - 2025-12-10 08:37:31 --> QuarterlyChartService - Total uploads: 1
DEBUG - 2025-12-10 08:37:31 --> QuarterlyChartService - Selected year: all
DEBUG - 2025-12-10 08:37:31 --> Processing upload ID: 46, Status: completed, Year: 2025, Quarter: Q3
DEBUG - 2025-12-10 08:37:31 --> Upload ID 46 - PMA: 1653622393959.00, PMDN: 1817276331954.00
DEBUG - 2025-12-10 08:37:31 --> Added to Q3: 3470898725913 (Total now: 3470898725913)
DEBUG - 2025-12-10 08:37:31 --> Final quarterly data before conversion: {"Q1":0,"Q2":0,"Q3":3470898725913,"Q4":0}
DEBUG - 2025-12-10 08:37:31 --> QuarterlyChartService (All Years) - Total uploads: 1
DEBUG - 2025-12-10 08:37:31 --> Initialized year: 2025
DEBUG - 2025-12-10 08:37:31 --> Upload ID 46 - PMA: 1653622393959.00, PMDN: 1817276331954.00
DEBUG - 2025-12-10 08:37:31 --> Added to Q3: 3470898725913 (Total now: 3470898725913)
DEBUG - 2025-12-10 08:37:31 --> Yearly quarterly data before conversion: {"2025":{"Q1":0,"Q2":0,"Q3":3470898725913,"Q4":0}}
DEBUG - 2025-12-10 08:37:31 --> QuarterlyChartService (All Years) - Final result: {"2025":{"labels":["Q1","Q2","Q3","Q4"],"values":[0,0,3470898725913,0]}}
INFO - 2025-12-10 08:37:44 --> Session: Class initialized using 'CodeIgniter\Session\Handlers\FileHandler' driver.
INFO - 2025-12-10 08:37:45 --> Session: Class initialized using 'CodeIgniter\Session\Handlers\FileHandler' driver.
INFO - 2025-12-10 08:37:59 --> Session: Class initialized using 'CodeIgniter\Session\Handlers\FileHandler' driver.
INFO - 2025-12-10 08:38:01 --> Session: Class initialized using 'CodeIgniter\Session\Handlers\FileHandler' driver.
INFO - 2025-12-10 08:38:17 --> Session: Class initialized using 'CodeIgniter\Session\Handlers\FileHandler' driver.
DEBUG - 2025-12-10 08:38:17 --> ValidateMetadata called - UploadID: 47, Quarter: 3, Normalized: 3, Year: 2025
DEBUG - 2025-12-10 08:38:17 --> === DUPLICATE CHECK START ===
DEBUG - 2025-12-10 08:38:17 --> Checking duplicate: Quarter=Q3, Year=2025, ExcludeId=47
DEBUG - 2025-12-10 08:38:17 --> ❌ NO DUPLICATE - Data aman untuk diproses
DEBUG - 2025-12-10 08:38:17 --> === DUPLICATE CHECK END ===
DEBUG - 2025-12-10 08:38:17 --> Validation passed - no duplicate found
INFO - 2025-12-10 08:38:19 --> Session: Class initialized using 'CodeIgniter\Session\Handlers\FileHandler' driver.
DEBUG - 2025-12-10 08:38:19 --> QuarterlyChartService - Total uploads: 1
DEBUG - 2025-12-10 08:38:19 --> QuarterlyChartService - Selected year: all
DEBUG - 2025-12-10 08:38:19 --> Processing upload ID: 47, Status: completed, Year: 2025, Quarter: Q3
DEBUG - 2025-12-10 08:38:19 --> Upload ID 47 - PMA: 1653622393959.00, PMDN: 1817276331954.00
DEBUG - 2025-12-10 08:38:19 --> Added to Q3: 3470898725913 (Total now: 3470898725913)
DEBUG - 2025-12-10 08:38:19 --> Final quarterly data before conversion: {"Q1":0,"Q2":0,"Q3":3470898725913,"Q4":0}
DEBUG - 2025-12-10 08:38:19 --> QuarterlyChartService (All Years) - Total uploads: 1
DEBUG - 2025-12-10 08:38:19 --> Initialized year: 2025
DEBUG - 2025-12-10 08:38:19 --> Upload ID 47 - PMA: 1653622393959.00, PMDN: 1817276331954.00
DEBUG - 2025-12-10 08:38:19 --> Added to Q3: 3470898725913 (Total now: 3470898725913)
DEBUG - 2025-12-10 08:38:19 --> Yearly quarterly data before conversion: {"2025":{"Q1":0,"Q2":0,"Q3":3470898725913,"Q4":0}}
DEBUG - 2025-12-10 08:38:19 --> QuarterlyChartService (All Years) - Final result: {"2025":{"labels":["Q1","Q2","Q3","Q4"],"values":[0,0,3470898725913,0]}}
INFO - 2025-12-10 08:38:45 --> Session: Class initialized using 'CodeIgniter\Session\Handlers\FileHandler' driver.
INFO - 2025-12-10 08:38:45 --> Session: Class initialized using 'CodeIgniter\Session\Handlers\FileHandler' driver.
INFO - 2025-12-10 08:38:52 --> Session: Class initialized using 'CodeIgniter\Session\Handlers\FileHandler' driver.
INFO - 2025-12-10 08:38:52 --> Session: Class initialized using 'CodeIgniter\Session\Handlers\FileHandler' driver.
INFO - 2025-12-10 08:38:57 --> Session: Class initialized using 'CodeIgniter\Session\Handlers\FileHandler' driver.
INFO - 2025-12-10 08:38:57 --> Session: Class initialized using 'CodeIgniter\Session\Handlers\FileHandler' driver.
DEBUG - 2025-12-10 08:38:57 --> QuarterlyChartService - Total uploads: 1
DEBUG - 2025-12-10 08:38:57 --> QuarterlyChartService - Selected year: all
DEBUG - 2025-12-10 08:38:57 --> Processing upload ID: 47, Status: completed, Year: 2025, Quarter: Q3
DEBUG - 2025-12-10 08:38:57 --> Upload ID 47 - PMA: 1653622393959.00, PMDN: 1817276331954.00
DEBUG - 2025-12-10 08:38:57 --> Added to Q3: 3470898725913 (Total now: 3470898725913)
DEBUG - 2025-12-10 08:38:57 --> Final quarterly data before conversion: {"Q1":0,"Q2":0,"Q3":3470898725913,"Q4":0}
DEBUG - 2025-12-10 08:38:57 --> QuarterlyChartService (All Years) - Total uploads: 1
DEBUG - 2025-12-10 08:38:57 --> Initialized year: 2025
DEBUG - 2025-12-10 08:38:57 --> Upload ID 47 - PMA: 1653622393959.00, PMDN: 1817276331954.00
DEBUG - 2025-12-10 08:38:57 --> Added to Q3: 3470898725913 (Total now: 3470898725913)
DEBUG - 2025-12-10 08:38:57 --> Yearly quarterly data before conversion: {"2025":{"Q1":0,"Q2":0,"Q3":3470898725913,"Q4":0}}
DEBUG - 2025-12-10 08:38:57 --> QuarterlyChartService (All Years) - Final result: {"2025":{"labels":["Q1","Q2","Q3","Q4"],"values":[0,0,3470898725913,0]}}
INFO - 2025-12-10 08:39:17 --> Session: Class initialized using 'CodeIgniter\Session\Handlers\FileHandler' driver.
INFO - 2025-12-10 08:39:22 --> Session: Class initialized using 'CodeIgniter\Session\Handlers\FileHandler' driver.
DEBUG - 2025-12-10 08:39:22 --> QuarterlyChartService - Total uploads: 1
DEBUG - 2025-12-10 08:39:22 --> QuarterlyChartService - Selected year: all
DEBUG - 2025-12-10 08:39:22 --> Processing upload ID: 47, Status: completed, Year: 2025, Quarter: Q3
DEBUG - 2025-12-10 08:39:22 --> Upload ID 47 - PMA: 1653622393959.00, PMDN: 1817276331954.00
DEBUG - 2025-12-10 08:39:22 --> Added to Q3: 3470898725913 (Total now: 3470898725913)
DEBUG - 2025-12-10 08:39:22 --> Final quarterly data before conversion: {"Q1":0,"Q2":0,"Q3":3470898725913,"Q4":0}
DEBUG - 2025-12-10 08:39:22 --> QuarterlyChartService (All Years) - Total uploads: 1
DEBUG - 2025-12-10 08:39:22 --> Initialized year: 2025
DEBUG - 2025-12-10 08:39:22 --> Upload ID 47 - PMA: 1653622393959.00, PMDN: 1817276331954.00
DEBUG - 2025-12-10 08:39:22 --> Added to Q3: 3470898725913 (Total now: 3470898725913)
DEBUG - 2025-12-10 08:39:22 --> Yearly quarterly data before conversion: {"2025":{"Q1":0,"Q2":0,"Q3":3470898725913,"Q4":0}}
DEBUG - 2025-12-10 08:39:22 --> QuarterlyChartService (All Years) - Final result: {"2025":{"labels":["Q1","Q2","Q3","Q4"],"values":[0,0,3470898725913,0]}}
INFO - 2025-12-10 08:51:26 --> Session: Class initialized using 'CodeIgniter\Session\Handlers\FileHandler' driver.
INFO - 2025-12-10 08:52:43 --> Session: Class initialized using 'CodeIgniter\Session\Handlers\FileHandler' driver.
INFO - 2025-12-10 08:53:31 --> Session: Class initialized using 'CodeIgniter\Session\Handlers\FileHandler' driver.
INFO - 2025-12-10 08:56:35 --> Session: Class initialized using 'CodeIgniter\Session\Handlers\FileHandler' driver.
INFO - 2025-12-10 08:57:11 --> Session: Class initialized using 'CodeIgniter\Session\Handlers\FileHandler' driver.
DEBUG - 2025-12-10 08:57:11 --> QuarterlyChartService - Total uploads: 1
DEBUG - 2025-12-10 08:57:11 --> QuarterlyChartService - Selected year: all
DEBUG - 2025-12-10 08:57:11 --> Processing upload ID: 47, Status: completed, Year: 2025, Quarter: Q3
DEBUG - 2025-12-10 08:57:11 --> Upload ID 47 - PMA: 1653622393959.00, PMDN: 1817276331954.00
DEBUG - 2025-12-10 08:57:11 --> Added to Q3: 3470898725913 (Total now: 3470898725913)
DEBUG - 2025-12-10 08:57:11 --> Final quarterly data before conversion: {"Q1":0,"Q2":0,"Q3":3470898725913,"Q4":0}
DEBUG - 2025-12-10 08:57:11 --> QuarterlyChartService (All Years) - Total uploads: 1
DEBUG - 2025-12-10 08:57:11 --> Initialized year: 2025
DEBUG - 2025-12-10 08:57:11 --> Upload ID 47 - PMA: 1653622393959.00, PMDN: 1817276331954.00
DEBUG - 2025-12-10 08:57:11 --> Added to Q3: 3470898725913 (Total now: 3470898725913)
DEBUG - 2025-12-10 08:57:11 --> Yearly quarterly data before conversion: {"2025":{"Q1":0,"Q2":0,"Q3":3470898725913,"Q4":0}}
DEBUG - 2025-12-10 08:57:11 --> QuarterlyChartService (All Years) - Final result: {"2025":{"labels":["Q1","Q2","Q3","Q4"],"values":[0,0,3470898725913,0]}}
INFO - 2025-12-10 08:57:16 --> Session: Class initialized using 'CodeIgniter\Session\Handlers\FileHandler' driver.
INFO - 2025-12-10 08:57:17 --> Session: Class initialized using 'CodeIgniter\Session\Handlers\FileHandler' driver.
INFO - 2025-12-10 08:57:20 --> Session: Class initialized using 'CodeIgniter\Session\Handlers\FileHandler' driver.
INFO - 2025-12-10 08:57:21 --> Session: Class initialized using 'CodeIgniter\Session\Handlers\FileHandler' driver.
DEBUG - 2025-12-10 08:57:21 --> QuarterlyChartService - Total uploads: 1
DEBUG - 2025-12-10 08:57:21 --> QuarterlyChartService - Selected year: all
DEBUG - 2025-12-10 08:57:21 --> Processing upload ID: 47, Status: completed, Year: 2025, Quarter: Q3
DEBUG - 2025-12-10 08:57:21 --> Upload ID 47 - PMA: 1653622393959.00, PMDN: 1817276331954.00
DEBUG - 2025-12-10 08:57:21 --> Added to Q3: 3470898725913 (Total now: 3470898725913)
DEBUG - 2025-12-10 08:57:21 --> Final quarterly data before conversion: {"Q1":0,"Q2":0,"Q3":3470898725913,"Q4":0}
DEBUG - 2025-12-10 08:57:21 --> QuarterlyChartService (All Years) - Total uploads: 1
DEBUG - 2025-12-10 08:57:21 --> Initialized year: 2025
DEBUG - 2025-12-10 08:57:21 --> Upload ID 47 - PMA: 1653622393959.00, PMDN: 1817276331954.00
DEBUG - 2025-12-10 08:57:21 --> Added to Q3: 3470898725913 (Total now: 3470898725913)
DEBUG - 2025-12-10 08:57:21 --> Yearly quarterly data before conversion: {"2025":{"Q1":0,"Q2":0,"Q3":3470898725913,"Q4":0}}
DEBUG - 2025-12-10 08:57:21 --> QuarterlyChartService (All Years) - Final result: {"2025":{"labels":["Q1","Q2","Q3","Q4"],"values":[0,0,3470898725913,0]}}
INFO - 2025-12-10 08:57:41 --> Session: Class initialized using 'CodeIgniter\Session\Handlers\FileHandler' driver.
DEBUG - 2025-12-10 08:57:41 --> QuarterlyChartService - Total uploads: 1
DEBUG - 2025-12-10 08:57:41 --> QuarterlyChartService - Selected year: all
DEBUG - 2025-12-10 08:57:41 --> Processing upload ID: 47, Status: completed, Year: 2025, Quarter: Q3
DEBUG - 2025-12-10 08:57:41 --> Upload ID 47 - PMA: 1653622393959.00, PMDN: 1817276331954.00
DEBUG - 2025-12-10 08:57:41 --> Added to Q3: 3470898725913 (Total now: 3470898725913)
DEBUG - 2025-12-10 08:57:41 --> Final quarterly data before conversion: {"Q1":0,"Q2":0,"Q3":3470898725913,"Q4":0}
DEBUG - 2025-12-10 08:57:41 --> Converted to USD with rate 16000
DEBUG - 2025-12-10 08:57:41 --> QuarterlyChartService (All Years) - Total uploads: 1
DEBUG - 2025-12-10 08:57:41 --> Initialized year: 2025
DEBUG - 2025-12-10 08:57:41 --> Upload ID 47 - PMA: 1653622393959.00, PMDN: 1817276331954.00
DEBUG - 2025-12-10 08:57:41 --> Added to Q3: 3470898725913 (Total now: 3470898725913)
DEBUG - 2025-12-10 08:57:41 --> Yearly quarterly data before conversion: {"2025":{"Q1":0,"Q2":0,"Q3":3470898725913,"Q4":0}}
DEBUG - 2025-12-10 08:57:41 --> Converted to USD with rate 16000
DEBUG - 2025-12-10 08:57:41 --> QuarterlyChartService (All Years) - Final result: {"2025":{"labels":["Q1","Q2","Q3","Q4"],"values":[0,0,216931170.37,0]}}
INFO - 2025-12-10 08:59:25 --> Session: Class initialized using 'CodeIgniter\Session\Handlers\FileHandler' driver.
INFO - 2025-12-10 08:59:26 --> Session: Class initialized using 'CodeIgniter\Session\Handlers\FileHandler' driver.
INFO - 2025-12-10 08:59:34 --> Session: Class initialized using 'CodeIgniter\Session\Handlers\FileHandler' driver.
INFO - 2025-12-10 08:59:35 --> Session: Class initialized using 'CodeIgniter\Session\Handlers\FileHandler' driver.
DEBUG - 2025-12-10 08:59:35 --> QuarterlyChartService - Total uploads: 1
DEBUG - 2025-12-10 08:59:35 --> QuarterlyChartService - Selected year: all
DEBUG - 2025-12-10 08:59:35 --> Processing upload ID: 47, Status: completed, Year: 2025, Quarter: Q3
DEBUG - 2025-12-10 08:59:35 --> Upload ID 47 - PMA: 1653622393959.00, PMDN: 1817276331954.00
DEBUG - 2025-12-10 08:59:35 --> Added to Q3: 3470898725913 (Total now: 3470898725913)
DEBUG - 2025-12-10 08:59:35 --> Final quarterly data before conversion: {"Q1":0,"Q2":0,"Q3":3470898725913,"Q4":0}
DEBUG - 2025-12-10 08:59:35 --> QuarterlyChartService (All Years) - Total uploads: 1
DEBUG - 2025-12-10 08:59:35 --> Initialized year: 2025
DEBUG - 2025-12-10 08:59:35 --> Upload ID 47 - PMA: 1653622393959.00, PMDN: 1817276331954.00
DEBUG - 2025-12-10 08:59:35 --> Added to Q3: 3470898725913 (Total now: 3470898725913)
DEBUG - 2025-12-10 08:59:35 --> Yearly quarterly data before conversion: {"2025":{"Q1":0,"Q2":0,"Q3":3470898725913,"Q4":0}}
DEBUG - 2025-12-10 08:59:35 --> QuarterlyChartService (All Years) - Final result: {"2025":{"labels":["Q1","Q2","Q3","Q4"],"values":[0,0,3470898725913,0]}}
INFO - 2025-12-10 09:33:51 --> Session: Class initialized using 'CodeIgniter\Session\Handlers\FileHandler' driver.
DEBUG - 2025-12-10 09:33:51 --> QuarterlyChartService - Total uploads: 1
DEBUG - 2025-12-10 09:33:51 --> QuarterlyChartService - Selected year: all
DEBUG - 2025-12-10 09:33:51 --> Processing upload ID: 47, Status: completed, Year: 2025, Quarter: Q3
DEBUG - 2025-12-10 09:33:51 --> Upload ID 47 - PMA: 1653622393959.00, PMDN: 1817276331954.00
DEBUG - 2025-12-10 09:33:51 --> Added to Q3: 3470898725913 (Total now: 3470898725913)
DEBUG - 2025-12-10 09:33:51 --> Final quarterly data before conversion: {"Q1":0,"Q2":0,"Q3":3470898725913,"Q4":0}
DEBUG - 2025-12-10 09:33:51 --> QuarterlyChartService (All Years) - Total uploads: 1
DEBUG - 2025-12-10 09:33:51 --> Initialized year: 2025
DEBUG - 2025-12-10 09:33:51 --> Upload ID 47 - PMA: 1653622393959.00, PMDN: 1817276331954.00
DEBUG - 2025-12-10 09:33:51 --> Added to Q3: 3470898725913 (Total now: 3470898725913)
DEBUG - 2025-12-10 09:33:51 --> Yearly quarterly data before conversion: {"2025":{"Q1":0,"Q2":0,"Q3":3470898725913,"Q4":0}}
DEBUG - 2025-12-10 09:33:51 --> QuarterlyChartService (All Years) - Final result: {"2025":{"labels":["Q1","Q2","Q3","Q4"],"values":[0,0,3470898725913,0]}}
INFO - 2025-12-10 09:38:17 --> Session: Class initialized using 'CodeIgniter\Session\Handlers\FileHandler' driver.
INFO - 2025-12-10 09:38:18 --> Session: Class initialized using 'CodeIgniter\Session\Handlers\FileHandler' driver.
INFO - 2025-12-10 10:55:49 --> Session: Class initialized using 'CodeIgniter\Session\Handlers\FileHandler' driver.
INFO - 2025-12-10 10:55:51 --> Session: Class initialized using 'CodeIgniter\Session\Handlers\FileHandler' driver.
INFO - 2025-12-10 11:04:35 --> Session: Class initialized using 'CodeIgniter\Session\Handlers\FileHandler' driver.
INFO - 2025-12-10 11:04:35 --> Session: Class initialized using 'CodeIgniter\Session\Handlers\FileHandler' driver.
INFO - 2025-12-10 11:04:50 --> Session: Class initialized using 'CodeIgniter\Session\Handlers\FileHandler' driver.
INFO - 2025-12-10 11:04:51 --> Session: Class initialized using 'CodeIgniter\Session\Handlers\FileHandler' driver.
DEBUG - 2025-12-10 11:04:52 --> QuarterlyChartService - Total uploads: 1
DEBUG - 2025-12-10 11:04:52 --> QuarterlyChartService - Selected year: all
DEBUG - 2025-12-10 11:04:52 --> Processing upload ID: 47, Status: completed, Year: 2025, Quarter: Q3
DEBUG - 2025-12-10 11:04:52 --> Upload ID 47 - PMA: 1653622393959.00, PMDN: 1817276331954.00
DEBUG - 2025-12-10 11:04:52 --> Added to Q3: 3470898725913 (Total now: 3470898725913)
DEBUG - 2025-12-10 11:04:52 --> Final quarterly data before conversion: {"Q1":0,"Q2":0,"Q3":3470898725913,"Q4":0}
DEBUG - 2025-12-10 11:04:52 --> QuarterlyChartService (All Years) - Total uploads: 1
DEBUG - 2025-12-10 11:04:52 --> Initialized year: 2025
DEBUG - 2025-12-10 11:04:52 --> Upload ID 47 - PMA: 1653622393959.00, PMDN: 1817276331954.00
DEBUG - 2025-12-10 11:04:52 --> Added to Q3: 3470898725913 (Total now: 3470898725913)
DEBUG - 2025-12-10 11:04:52 --> Yearly quarterly data before conversion: {"2025":{"Q1":0,"Q2":0,"Q3":3470898725913,"Q4":0}}
DEBUG - 2025-12-10 11:04:52 --> QuarterlyChartService (All Years) - Final result: {"2025":{"labels":["Q1","Q2","Q3","Q4"],"values":[0,0,3470898725913,0]}}
INFO - 2025-12-10 11:05:03 --> Session: Class initialized using 'CodeIgniter\Session\Handlers\FileHandler' driver.
INFO - 2025-12-10 11:05:03 --> Session: Class initialized using 'CodeIgniter\Session\Handlers\FileHandler' driver.
INFO - 2025-12-10 11:05:11 --> Session: Class initialized using 'CodeIgniter\Session\Handlers\FileHandler' driver.
INFO - 2025-12-10 11:05:11 --> Session: Class initialized using 'CodeIgniter\Session\Handlers\FileHandler' driver.
INFO - 2025-12-10 11:07:19 --> Session: Class initialized using 'CodeIgniter\Session\Handlers\FileHandler' driver.
INFO - 2025-12-10 11:07:20 --> Session: Class initialized using 'CodeIgniter\Session\Handlers\FileHandler' driver.
INFO - 2025-12-10 11:07:20 --> Session: Class initialized using 'CodeIgniter\Session\Handlers\FileHandler' driver.
INFO - 2025-12-10 11:07:33 --> Session: Class initialized using 'CodeIgniter\Session\Handlers\FileHandler' driver.
INFO - 2025-12-10 11:09:05 --> Session: Class initialized using 'CodeIgniter\Session\Handlers\FileHandler' driver.
INFO - 2025-12-10 11:09:21 --> Session: Class initialized using 'CodeIgniter\Session\Handlers\FileHandler' driver.
INFO - 2025-12-10 11:09:27 --> Session: Class initialized using 'CodeIgniter\Session\Handlers\FileHandler' driver.
INFO - 2025-12-10 11:10:14 --> Session: Class initialized using 'CodeIgniter\Session\Handlers\FileHandler' driver.
DEBUG - 2025-12-10 11:10:15 --> ValidateMetadata called - UploadID: 48, Quarter: 3, Normalized: 3, Year: 2025
DEBUG - 2025-12-10 11:10:15 --> === DUPLICATE CHECK START ===
DEBUG - 2025-12-10 11:10:15 --> Checking duplicate: Quarter=Q3, Year=2025, ExcludeId=48
DEBUG - 2025-12-10 11:10:15 --> ❌ NO DUPLICATE - Data aman untuk diproses
DEBUG - 2025-12-10 11:10:15 --> === DUPLICATE CHECK END ===
DEBUG - 2025-12-10 11:10:15 --> Validation passed - no duplicate found
INFO - 2025-12-10 11:10:16 --> Session: Class initialized using 'CodeIgniter\Session\Handlers\FileHandler' driver.
DEBUG - 2025-12-10 11:10:16 --> QuarterlyChartService - Total uploads: 1
DEBUG - 2025-12-10 11:10:16 --> QuarterlyChartService - Selected year: all
DEBUG - 2025-12-10 11:10:16 --> Processing upload ID: 48, Status: completed, Year: 2025, Quarter: Q3
DEBUG - 2025-12-10 11:10:16 --> Upload ID 48 - PMA: 1653622393959.00, PMDN: 1817276331954.00
DEBUG - 2025-12-10 11:10:16 --> Added to Q3: 3470898725913 (Total now: 3470898725913)
DEBUG - 2025-12-10 11:10:16 --> Final quarterly data before conversion: {"Q1":0,"Q2":0,"Q3":3470898725913,"Q4":0}
DEBUG - 2025-12-10 11:10:16 --> QuarterlyChartService (All Years) - Total uploads: 1
DEBUG - 2025-12-10 11:10:16 --> Initialized year: 2025
DEBUG - 2025-12-10 11:10:16 --> Upload ID 48 - PMA: 1653622393959.00, PMDN: 1817276331954.00
DEBUG - 2025-12-10 11:10:16 --> Added to Q3: 3470898725913 (Total now: 3470898725913)
DEBUG - 2025-12-10 11:10:16 --> Yearly quarterly data before conversion: {"2025":{"Q1":0,"Q2":0,"Q3":3470898725913,"Q4":0}}
DEBUG - 2025-12-10 11:10:16 --> QuarterlyChartService (All Years) - Final result: {"2025":{"labels":["Q1","Q2","Q3","Q4"],"values":[0,0,3470898725913,0]}}
INFO - 2025-12-10 11:11:51 --> Session: Class initialized using 'CodeIgniter\Session\Handlers\FileHandler' driver.
DEBUG - 2025-12-10 11:11:51 --> QuarterlyChartService - Total uploads: 1
DEBUG - 2025-12-10 11:11:51 --> QuarterlyChartService - Selected year: all
DEBUG - 2025-12-10 11:11:51 --> Processing upload ID: 48, Status: completed, Year: 2025, Quarter: Q3
DEBUG - 2025-12-10 11:11:51 --> Upload ID 48 - PMA: 1653622393959.00, PMDN: 1817276331954.00
DEBUG - 2025-12-10 11:11:51 --> Added to Q3: 3470898725913 (Total now: 3470898725913)
DEBUG - 2025-12-10 11:11:51 --> Final quarterly data before conversion: {"Q1":0,"Q2":0,"Q3":3470898725913,"Q4":0}
DEBUG - 2025-12-10 11:11:51 --> QuarterlyChartService (All Years) - Total uploads: 1
DEBUG - 2025-12-10 11:11:51 --> Initialized year: 2025
DEBUG - 2025-12-10 11:11:51 --> Upload ID 48 - PMA: 1653622393959.00, PMDN: 1817276331954.00
DEBUG - 2025-12-10 11:11:51 --> Added to Q3: 3470898725913 (Total now: 3470898725913)
DEBUG - 2025-12-10 11:11:51 --> Yearly quarterly data before conversion: {"2025":{"Q1":0,"Q2":0,"Q3":3470898725913,"Q4":0}}
DEBUG - 2025-12-10 11:11:51 --> QuarterlyChartService (All Years) - Final result: {"2025":{"labels":["Q1","Q2","Q3","Q4"],"values":[0,0,3470898725913,0]}}
INFO - 2025-12-10 11:15:31 --> Session: Class initialized using 'CodeIgniter\Session\Handlers\FileHandler' driver.
INFO - 2025-12-10 11:15:31 --> Session: Class initialized using 'CodeIgniter\Session\Handlers\FileHandler' driver.
INFO - 2025-12-10 11:15:45 --> Session: Class initialized using 'CodeIgniter\Session\Handlers\FileHandler' driver.
INFO - 2025-12-10 11:15:46 --> Session: Class initialized using 'CodeIgniter\Session\Handlers\FileHandler' driver.
INFO - 2025-12-10 11:15:54 --> Session: Class initialized using 'CodeIgniter\Session\Handlers\FileHandler' driver.
INFO - 2025-12-10 11:15:54 --> Session: Class initialized using 'CodeIgniter\Session\Handlers\FileHandler' driver.
DEBUG - 2025-12-10 11:15:54 --> QuarterlyChartService - Total uploads: 1
DEBUG - 2025-12-10 11:15:54 --> QuarterlyChartService - Selected year: all
DEBUG - 2025-12-10 11:15:54 --> Processing upload ID: 48, Status: completed, Year: 2025, Quarter: Q3
DEBUG - 2025-12-10 11:15:54 --> Upload ID 48 - PMA: 1653622393959.00, PMDN: 1817276331954.00
DEBUG - 2025-12-10 11:15:54 --> Added to Q3: 3470898725913 (Total now: 3470898725913)
DEBUG - 2025-12-10 11:15:54 --> Final quarterly data before conversion: {"Q1":0,"Q2":0,"Q3":3470898725913,"Q4":0}
DEBUG - 2025-12-10 11:15:54 --> QuarterlyChartService (All Years) - Total uploads: 1
DEBUG - 2025-12-10 11:15:54 --> Initialized year: 2025
DEBUG - 2025-12-10 11:15:54 --> Upload ID 48 - PMA: 1653622393959.00, PMDN: 1817276331954.00
DEBUG - 2025-12-10 11:15:54 --> Added to Q3: 3470898725913 (Total now: 3470898725913)
DEBUG - 2025-12-10 11:15:54 --> Yearly quarterly data before conversion: {"2025":{"Q1":0,"Q2":0,"Q3":3470898725913,"Q4":0}}
DEBUG - 2025-12-10 11:15:54 --> QuarterlyChartService (All Years) - Final result: {"2025":{"labels":["Q1","Q2","Q3","Q4"],"values":[0,0,3470898725913,0]}}
INFO - 2025-12-10 11:15:55 --> Session: Class initialized using 'CodeIgniter\Session\Handlers\FileHandler' driver.
INFO - 2025-12-10 11:15:56 --> Session: Class initialized using 'CodeIgniter\Session\Handlers\FileHandler' driver.
DEBUG - 2025-12-10 11:15:56 --> QuarterlyChartService - Total uploads: 1
DEBUG - 2025-12-10 11:15:56 --> QuarterlyChartService - Selected year: all
DEBUG - 2025-12-10 11:15:56 --> Processing upload ID: 48, Status: completed, Year: 2025, Quarter: Q3
DEBUG - 2025-12-10 11:15:56 --> Upload ID 48 - PMA: 1653622393959.00, PMDN: 1817276331954.00
DEBUG - 2025-12-10 11:15:56 --> Added to Q3: 3470898725913 (Total now: 3470898725913)
DEBUG - 2025-12-10 11:15:56 --> Final quarterly data before conversion: {"Q1":0,"Q2":0,"Q3":3470898725913,"Q4":0}
DEBUG - 2025-12-10 11:15:56 --> QuarterlyChartService (All Years) - Total uploads: 1
DEBUG - 2025-12-10 11:15:56 --> Initialized year: 2025
DEBUG - 2025-12-10 11:15:56 --> Upload ID 48 - PMA: 1653622393959.00, PMDN: 1817276331954.00
DEBUG - 2025-12-10 11:15:56 --> Added to Q3: 3470898725913 (Total now: 3470898725913)
DEBUG - 2025-12-10 11:15:56 --> Yearly quarterly data before conversion: {"2025":{"Q1":0,"Q2":0,"Q3":3470898725913,"Q4":0}}
DEBUG - 2025-12-10 11:15:56 --> QuarterlyChartService (All Years) - Final result: {"2025":{"labels":["Q1","Q2","Q3","Q4"],"values":[0,0,3470898725913,0]}}
INFO - 2025-12-10 11:15:57 --> Session: Class initialized using 'CodeIgniter\Session\Handlers\FileHandler' driver.
INFO - 2025-12-10 11:15:58 --> Session: Class initialized using 'CodeIgniter\Session\Handlers\FileHandler' driver.
DEBUG - 2025-12-10 11:15:58 --> QuarterlyChartService - Total uploads: 1
DEBUG - 2025-12-10 11:15:58 --> QuarterlyChartService - Selected year: all
DEBUG - 2025-12-10 11:15:58 --> Processing upload ID: 48, Status: completed, Year: 2025, Quarter: Q3
DEBUG - 2025-12-10 11:15:58 --> Upload ID 48 - PMA: 1653622393959.00, PMDN: 1817276331954.00
DEBUG - 2025-12-10 11:15:58 --> Added to Q3: 3470898725913 (Total now: 3470898725913)
DEBUG - 2025-12-10 11:15:58 --> Final quarterly data before conversion: {"Q1":0,"Q2":0,"Q3":3470898725913,"Q4":0}
DEBUG - 2025-12-10 11:15:58 --> QuarterlyChartService (All Years) - Total uploads: 1
DEBUG - 2025-12-10 11:15:58 --> Initialized year: 2025
DEBUG - 2025-12-10 11:15:58 --> Upload ID 48 - PMA: 1653622393959.00, PMDN: 1817276331954.00
DEBUG - 2025-12-10 11:15:58 --> Added to Q3: 3470898725913 (Total now: 3470898725913)
DEBUG - 2025-12-10 11:15:58 --> Yearly quarterly data before conversion: {"2025":{"Q1":0,"Q2":0,"Q3":3470898725913,"Q4":0}}
DEBUG - 2025-12-10 11:15:58 --> QuarterlyChartService (All Years) - Final result: {"2025":{"labels":["Q1","Q2","Q3","Q4"],"values":[0,0,3470898725913,0]}}
INFO - 2025-12-10 11:16:06 --> Session: Class initialized using 'CodeIgniter\Session\Handlers\FileHandler' driver.
DEBUG - 2025-12-10 11:16:06 --> QuarterlyChartService - Total uploads: 1
DEBUG - 2025-12-10 11:16:06 --> QuarterlyChartService - Selected year: all
DEBUG - 2025-12-10 11:16:06 --> Processing upload ID: 48, Status: completed, Year: 2025, Quarter: Q3
DEBUG - 2025-12-10 11:16:06 --> Upload ID 48 - PMA: 1653622393959.00, PMDN: 1817276331954.00
DEBUG - 2025-12-10 11:16:06 --> Added to Q3: 3470898725913 (Total now: 3470898725913)
DEBUG - 2025-12-10 11:16:06 --> Final quarterly data before conversion: {"Q1":0,"Q2":0,"Q3":3470898725913,"Q4":0}
DEBUG - 2025-12-10 11:16:06 --> QuarterlyChartService (All Years) - Total uploads: 1
DEBUG - 2025-12-10 11:16:06 --> Initialized year: 2025
DEBUG - 2025-12-10 11:16:06 --> Upload ID 48 - PMA: 1653622393959.00, PMDN: 1817276331954.00
DEBUG - 2025-12-10 11:16:06 --> Added to Q3: 3470898725913 (Total now: 3470898725913)
DEBUG - 2025-12-10 11:16:06 --> Yearly quarterly data before conversion: {"2025":{"Q1":0,"Q2":0,"Q3":3470898725913,"Q4":0}}
DEBUG - 2025-12-10 11:16:06 --> QuarterlyChartService (All Years) - Final result: {"2025":{"labels":["Q1","Q2","Q3","Q4"],"values":[0,0,3470898725913,0]}}
INFO - 2025-12-10 11:16:12 --> Session: Class initialized using 'CodeIgniter\Session\Handlers\FileHandler' driver.
DEBUG - 2025-12-10 11:16:12 --> QuarterlyChartService - Total uploads: 1
DEBUG - 2025-12-10 11:16:12 --> QuarterlyChartService - Selected year: all
DEBUG - 2025-12-10 11:16:12 --> Processing upload ID: 48, Status: completed, Year: 2025, Quarter: Q3
DEBUG - 2025-12-10 11:16:12 --> Upload ID 48 - PMA: 1653622393959.00, PMDN: 1817276331954.00
DEBUG - 2025-12-10 11:16:12 --> Added to Q3: 3470898725913 (Total now: 3470898725913)
DEBUG - 2025-12-10 11:16:12 --> Final quarterly data before conversion: {"Q1":0,"Q2":0,"Q3":3470898725913,"Q4":0}
DEBUG - 2025-12-10 11:16:12 --> Converted to USD with rate 16000
DEBUG - 2025-12-10 11:16:12 --> QuarterlyChartService (All Years) - Total uploads: 1
DEBUG - 2025-12-10 11:16:12 --> Initialized year: 2025
DEBUG - 2025-12-10 11:16:12 --> Upload ID 48 - PMA: 1653622393959.00, PMDN: 1817276331954.00
DEBUG - 2025-12-10 11:16:12 --> Added to Q3: 3470898725913 (Total now: 3470898725913)
DEBUG - 2025-12-10 11:16:12 --> Yearly quarterly data before conversion: {"2025":{"Q1":0,"Q2":0,"Q3":3470898725913,"Q4":0}}
DEBUG - 2025-12-10 11:16:12 --> Converted to USD with rate 16000
DEBUG - 2025-12-10 11:16:12 --> QuarterlyChartService (All Years) - Final result: {"2025":{"labels":["Q1","Q2","Q3","Q4"],"values":[0,0,216931170.37,0]}}
INFO - 2025-12-10 11:16:30 --> Session: Class initialized using 'CodeIgniter\Session\Handlers\FileHandler' driver.
INFO - 2025-12-10 11:16:30 --> Session: Class initialized using 'CodeIgniter\Session\Handlers\FileHandler' driver.
DEBUG - 2025-12-10 11:16:30 --> QuarterlyChartService - Total uploads: 1
DEBUG - 2025-12-10 11:16:30 --> QuarterlyChartService - Selected year: all
DEBUG - 2025-12-10 11:16:30 --> Processing upload ID: 48, Status: completed, Year: 2025, Quarter: Q3
DEBUG - 2025-12-10 11:16:30 --> Upload ID 48 - PMA: 1653622393959.00, PMDN: 1817276331954.00
DEBUG - 2025-12-10 11:16:30 --> Added to Q3: 3470898725913 (Total now: 3470898725913)
DEBUG - 2025-12-10 11:16:30 --> Final quarterly data before conversion: {"Q1":0,"Q2":0,"Q3":3470898725913,"Q4":0}
DEBUG - 2025-12-10 11:16:30 --> Converted to USD with rate 16000
DEBUG - 2025-12-10 11:16:30 --> QuarterlyChartService (All Years) - Total uploads: 1
DEBUG - 2025-12-10 11:16:30 --> Initialized year: 2025
DEBUG - 2025-12-10 11:16:30 --> Upload ID 48 - PMA: 1653622393959.00, PMDN: 1817276331954.00
DEBUG - 2025-12-10 11:16:30 --> Added to Q3: 3470898725913 (Total now: 3470898725913)
DEBUG - 2025-12-10 11:16:30 --> Yearly quarterly data before conversion: {"2025":{"Q1":0,"Q2":0,"Q3":3470898725913,"Q4":0}}
DEBUG - 2025-12-10 11:16:30 --> Converted to USD with rate 16000
DEBUG - 2025-12-10 11:16:30 --> QuarterlyChartService (All Years) - Final result: {"2025":{"labels":["Q1","Q2","Q3","Q4"],"values":[0,0,216931170.37,0]}}
INFO - 2025-12-10 11:18:02 --> Session: Class initialized using 'CodeIgniter\Session\Handlers\FileHandler' driver.
INFO - 2025-12-10 11:18:02 --> Session: Class initialized using 'CodeIgniter\Session\Handlers\FileHandler' driver.
