INFO - 2025-12-08 08:53:35 --> Session: Class initialized using 'CodeIgniter\Session\Handlers\FileHandler' driver.
INFO - 2025-12-08 08:53:36 --> Session: Class initialized using 'CodeIgniter\Session\Handlers\FileHandler' driver.
INFO - 2025-12-08 08:53:50 --> Session: Class initialized using 'CodeIgniter\Session\Handlers\FileHandler' driver.
INFO - 2025-12-08 08:53:51 --> Session: Class initialized using 'CodeIgniter\Session\Handlers\FileHandler' driver.
INFO - 2025-12-08 08:53:56 --> Session: Class initialized using 'CodeIgniter\Session\Handlers\FileHandler' driver.
INFO - 2025-12-08 08:53:56 --> Session: Class initialized using 'CodeIgniter\Session\Handlers\FileHandler' driver.
INFO - 2025-12-08 08:54:37 --> Session: Class initialized using 'CodeIgniter\Session\Handlers\FileHandler' driver.
INFO - 2025-12-08 08:54:38 --> Session: Class initialized using 'CodeIgniter\Session\Handlers\FileHandler' driver.
DEBUG - 2025-12-08 08:54:38 --> QuarterlyChartService - Total uploads: 2
DEBUG - 2025-12-08 08:54:38 --> QuarterlyChartService - Selected year: all
DEBUG - 2025-12-08 08:54:38 --> Processing upload ID: 38, Status: completed, Year: 2025, Quarter: Q2
DEBUG - 2025-12-08 08:54:38 --> Upload ID 38 - PMA: 1653622393959.00, PMDN: 1369327572783.00
DEBUG - 2025-12-08 08:54:38 --> Added to Q2: 3022949966742 (Total now: 3022949966742)
DEBUG - 2025-12-08 08:54:38 --> Processing upload ID: 36, Status: completed, Year: 2025, Quarter: Q3
DEBUG - 2025-12-08 08:54:38 --> Upload ID 36 - PMA: 1653622393959.00, PMDN: 1817276331954.00
DEBUG - 2025-12-08 08:54:38 --> Added to Q3: 3470898725913 (Total now: 3470898725913)
DEBUG - 2025-12-08 08:54:38 --> Final quarterly data before conversion: {"Q1":0,"Q2":3022949966742,"Q3":3470898725913,"Q4":0}
DEBUG - 2025-12-08 08:54:38 --> QuarterlyChartService (All Years) - Total uploads: 2
DEBUG - 2025-12-08 08:54:38 --> Initialized year: 2025
DEBUG - 2025-12-08 08:54:38 --> Upload ID 38 - PMA: 1653622393959.00, PMDN: 1369327572783.00
DEBUG - 2025-12-08 08:54:38 --> Added to Q2: 3022949966742 (Total now: 3022949966742)
DEBUG - 2025-12-08 08:54:38 --> Upload ID 36 - PMA: 1653622393959.00, PMDN: 1817276331954.00
DEBUG - 2025-12-08 08:54:38 --> Added to Q3: 3470898725913 (Total now: 3470898725913)
DEBUG - 2025-12-08 08:54:38 --> Yearly quarterly data before conversion: {"2025":{"Q1":0,"Q2":3022949966742,"Q3":3470898725913,"Q4":0}}
DEBUG - 2025-12-08 08:54:38 --> QuarterlyChartService (All Years) - Final result: {"2025":{"labels":["Q1","Q2","Q3","Q4"],"values":[0,3022949966742,3470898725913,0]}}
INFO - 2025-12-08 08:55:45 --> Session: Class initialized using 'CodeIgniter\Session\Handlers\FileHandler' driver.
INFO - 2025-12-08 08:55:46 --> Session: Class initialized using 'CodeIgniter\Session\Handlers\FileHandler' driver.
INFO - 2025-12-08 08:55:52 --> Session: Class initialized using 'CodeIgniter\Session\Handlers\FileHandler' driver.
INFO - 2025-12-08 08:55:52 --> Session: Class initialized using 'CodeIgniter\Session\Handlers\FileHandler' driver.
DEBUG - 2025-12-08 08:55:52 --> QuarterlyChartService - Total uploads: 2
DEBUG - 2025-12-08 08:55:52 --> QuarterlyChartService - Selected year: all
DEBUG - 2025-12-08 08:55:52 --> Processing upload ID: 38, Status: completed, Year: 2025, Quarter: Q2
DEBUG - 2025-12-08 08:55:52 --> Upload ID 38 - PMA: 1653622393959.00, PMDN: 1369327572783.00
DEBUG - 2025-12-08 08:55:52 --> Added to Q2: 3022949966742 (Total now: 3022949966742)
DEBUG - 2025-12-08 08:55:52 --> Processing upload ID: 36, Status: completed, Year: 2025, Quarter: Q3
DEBUG - 2025-12-08 08:55:52 --> Upload ID 36 - PMA: 1653622393959.00, PMDN: 1817276331954.00
DEBUG - 2025-12-08 08:55:52 --> Added to Q3: 3470898725913 (Total now: 3470898725913)
DEBUG - 2025-12-08 08:55:52 --> Final quarterly data before conversion: {"Q1":0,"Q2":3022949966742,"Q3":3470898725913,"Q4":0}
DEBUG - 2025-12-08 08:55:52 --> QuarterlyChartService (All Years) - Total uploads: 2
DEBUG - 2025-12-08 08:55:52 --> Initialized year: 2025
DEBUG - 2025-12-08 08:55:52 --> Upload ID 38 - PMA: 1653622393959.00, PMDN: 1369327572783.00
DEBUG - 2025-12-08 08:55:52 --> Added to Q2: 3022949966742 (Total now: 3022949966742)
DEBUG - 2025-12-08 08:55:52 --> Upload ID 36 - PMA: 1653622393959.00, PMDN: 1817276331954.00
DEBUG - 2025-12-08 08:55:52 --> Added to Q3: 3470898725913 (Total now: 3470898725913)
DEBUG - 2025-12-08 08:55:52 --> Yearly quarterly data before conversion: {"2025":{"Q1":0,"Q2":3022949966742,"Q3":3470898725913,"Q4":0}}
DEBUG - 2025-12-08 08:55:52 --> QuarterlyChartService (All Years) - Final result: {"2025":{"labels":["Q1","Q2","Q3","Q4"],"values":[0,3022949966742,3470898725913,0]}}
INFO - 2025-12-08 08:56:02 --> Session: Class initialized using 'CodeIgniter\Session\Handlers\FileHandler' driver.
INFO - 2025-12-08 08:56:03 --> Session: Class initialized using 'CodeIgniter\Session\Handlers\FileHandler' driver.
INFO - 2025-12-08 08:56:06 --> Session: Class initialized using 'CodeIgniter\Session\Handlers\FileHandler' driver.
INFO - 2025-12-08 08:56:07 --> Session: Class initialized using 'CodeIgniter\Session\Handlers\FileHandler' driver.
INFO - 2025-12-08 08:56:10 --> Session: Class initialized using 'CodeIgniter\Session\Handlers\FileHandler' driver.
INFO - 2025-12-08 08:56:11 --> Session: Class initialized using 'CodeIgniter\Session\Handlers\FileHandler' driver.
DEBUG - 2025-12-08 08:56:11 --> QuarterlyChartService - Total uploads: 2
DEBUG - 2025-12-08 08:56:11 --> QuarterlyChartService - Selected year: all
DEBUG - 2025-12-08 08:56:11 --> Processing upload ID: 38, Status: completed, Year: 2025, Quarter: Q2
DEBUG - 2025-12-08 08:56:11 --> Upload ID 38 - PMA: 1653622393959.00, PMDN: 1369327572783.00
DEBUG - 2025-12-08 08:56:11 --> Added to Q2: 3022949966742 (Total now: 3022949966742)
DEBUG - 2025-12-08 08:56:11 --> Processing upload ID: 36, Status: completed, Year: 2025, Quarter: Q3
DEBUG - 2025-12-08 08:56:11 --> Upload ID 36 - PMA: 1653622393959.00, PMDN: 1817276331954.00
DEBUG - 2025-12-08 08:56:11 --> Added to Q3: 3470898725913 (Total now: 3470898725913)
DEBUG - 2025-12-08 08:56:11 --> Final quarterly data before conversion: {"Q1":0,"Q2":3022949966742,"Q3":3470898725913,"Q4":0}
DEBUG - 2025-12-08 08:56:11 --> QuarterlyChartService (All Years) - Total uploads: 2
DEBUG - 2025-12-08 08:56:11 --> Initialized year: 2025
DEBUG - 2025-12-08 08:56:11 --> Upload ID 38 - PMA: 1653622393959.00, PMDN: 1369327572783.00
DEBUG - 2025-12-08 08:56:11 --> Added to Q2: 3022949966742 (Total now: 3022949966742)
DEBUG - 2025-12-08 08:56:11 --> Upload ID 36 - PMA: 1653622393959.00, PMDN: 1817276331954.00
DEBUG - 2025-12-08 08:56:11 --> Added to Q3: 3470898725913 (Total now: 3470898725913)
DEBUG - 2025-12-08 08:56:11 --> Yearly quarterly data before conversion: {"2025":{"Q1":0,"Q2":3022949966742,"Q3":3470898725913,"Q4":0}}
DEBUG - 2025-12-08 08:56:11 --> QuarterlyChartService (All Years) - Final result: {"2025":{"labels":["Q1","Q2","Q3","Q4"],"values":[0,3022949966742,3470898725913,0]}}
INFO - 2025-12-08 08:56:26 --> Session: Class initialized using 'CodeIgniter\Session\Handlers\FileHandler' driver.
INFO - 2025-12-08 08:56:37 --> Session: Class initialized using 'CodeIgniter\Session\Handlers\FileHandler' driver.
INFO - 2025-12-08 08:56:37 --> Session: Class initialized using 'CodeIgniter\Session\Handlers\FileHandler' driver.
INFO - 2025-12-08 08:57:57 --> Session: Class initialized using 'CodeIgniter\Session\Handlers\FileHandler' driver.
INFO - 2025-12-08 08:57:58 --> Session: Class initialized using 'CodeIgniter\Session\Handlers\FileHandler' driver.
INFO - 2025-12-08 08:58:06 --> Session: Class initialized using 'CodeIgniter\Session\Handlers\FileHandler' driver.
INFO - 2025-12-08 08:58:07 --> Session: Class initialized using 'CodeIgniter\Session\Handlers\FileHandler' driver.
DEBUG - 2025-12-08 08:58:07 --> QuarterlyChartService - Total uploads: 2
DEBUG - 2025-12-08 08:58:07 --> QuarterlyChartService - Selected year: all
DEBUG - 2025-12-08 08:58:07 --> Processing upload ID: 38, Status: completed, Year: 2025, Quarter: Q2
DEBUG - 2025-12-08 08:58:07 --> Upload ID 38 - PMA: 1653622393959.00, PMDN: 1369327572783.00
DEBUG - 2025-12-08 08:58:07 --> Added to Q2: 3022949966742 (Total now: 3022949966742)
DEBUG - 2025-12-08 08:58:07 --> Processing upload ID: 36, Status: completed, Year: 2025, Quarter: Q3
DEBUG - 2025-12-08 08:58:07 --> Upload ID 36 - PMA: 1653622393959.00, PMDN: 1817276331954.00
DEBUG - 2025-12-08 08:58:07 --> Added to Q3: 3470898725913 (Total now: 3470898725913)
DEBUG - 2025-12-08 08:58:07 --> Final quarterly data before conversion: {"Q1":0,"Q2":3022949966742,"Q3":3470898725913,"Q4":0}
DEBUG - 2025-12-08 08:58:07 --> QuarterlyChartService (All Years) - Total uploads: 2
DEBUG - 2025-12-08 08:58:07 --> Initialized year: 2025
DEBUG - 2025-12-08 08:58:07 --> Upload ID 38 - PMA: 1653622393959.00, PMDN: 1369327572783.00
DEBUG - 2025-12-08 08:58:07 --> Added to Q2: 3022949966742 (Total now: 3022949966742)
DEBUG - 2025-12-08 08:58:07 --> Upload ID 36 - PMA: 1653622393959.00, PMDN: 1817276331954.00
DEBUG - 2025-12-08 08:58:07 --> Added to Q3: 3470898725913 (Total now: 3470898725913)
DEBUG - 2025-12-08 08:58:07 --> Yearly quarterly data before conversion: {"2025":{"Q1":0,"Q2":3022949966742,"Q3":3470898725913,"Q4":0}}
DEBUG - 2025-12-08 08:58:07 --> QuarterlyChartService (All Years) - Final result: {"2025":{"labels":["Q1","Q2","Q3","Q4"],"values":[0,3022949966742,3470898725913,0]}}
INFO - 2025-12-08 08:58:41 --> Session: Class initialized using 'CodeIgniter\Session\Handlers\FileHandler' driver.
DEBUG - 2025-12-08 08:58:41 --> QuarterlyChartService - Total uploads: 2
DEBUG - 2025-12-08 08:58:41 --> QuarterlyChartService - Selected year: all
DEBUG - 2025-12-08 08:58:41 --> Processing upload ID: 38, Status: completed, Year: 2025, Quarter: Q2
DEBUG - 2025-12-08 08:58:41 --> Upload ID 38 - PMA: 1653622393959.00, PMDN: 1369327572783.00
DEBUG - 2025-12-08 08:58:41 --> Added to Q2: 3022949966742 (Total now: 3022949966742)
DEBUG - 2025-12-08 08:58:41 --> Processing upload ID: 36, Status: completed, Year: 2025, Quarter: Q3
DEBUG - 2025-12-08 08:58:41 --> Upload ID 36 - PMA: 1653622393959.00, PMDN: 1817276331954.00
DEBUG - 2025-12-08 08:58:41 --> Added to Q3: 3470898725913 (Total now: 3470898725913)
DEBUG - 2025-12-08 08:58:41 --> Final quarterly data before conversion: {"Q1":0,"Q2":3022949966742,"Q3":3470898725913,"Q4":0}
DEBUG - 2025-12-08 08:58:41 --> QuarterlyChartService (All Years) - Total uploads: 2
DEBUG - 2025-12-08 08:58:41 --> Initialized year: 2025
DEBUG - 2025-12-08 08:58:41 --> Upload ID 38 - PMA: 1653622393959.00, PMDN: 1369327572783.00
DEBUG - 2025-12-08 08:58:41 --> Added to Q2: 3022949966742 (Total now: 3022949966742)
DEBUG - 2025-12-08 08:58:41 --> Upload ID 36 - PMA: 1653622393959.00, PMDN: 1817276331954.00
DEBUG - 2025-12-08 08:58:41 --> Added to Q3: 3470898725913 (Total now: 3470898725913)
DEBUG - 2025-12-08 08:58:41 --> Yearly quarterly data before conversion: {"2025":{"Q1":0,"Q2":3022949966742,"Q3":3470898725913,"Q4":0}}
DEBUG - 2025-12-08 08:58:41 --> QuarterlyChartService (All Years) - Final result: {"2025":{"labels":["Q1","Q2","Q3","Q4"],"values":[0,3022949966742,3470898725913,0]}}
INFO - 2025-12-08 08:58:45 --> Session: Class initialized using 'CodeIgniter\Session\Handlers\FileHandler' driver.
INFO - 2025-12-08 08:58:46 --> Session: Class initialized using 'CodeIgniter\Session\Handlers\FileHandler' driver.
DEBUG - 2025-12-08 08:58:46 --> QuarterlyChartService - Total uploads: 1
DEBUG - 2025-12-08 08:58:46 --> QuarterlyChartService - Selected year: all
DEBUG - 2025-12-08 08:58:46 --> Processing upload ID: 36, Status: completed, Year: 2025, Quarter: Q3
DEBUG - 2025-12-08 08:58:46 --> Upload ID 36 - PMA: 1653622393959.00, PMDN: 1817276331954.00
DEBUG - 2025-12-08 08:58:46 --> Added to Q3: 3470898725913 (Total now: 3470898725913)
DEBUG - 2025-12-08 08:58:46 --> Final quarterly data before conversion: {"Q1":0,"Q2":0,"Q3":3470898725913,"Q4":0}
DEBUG - 2025-12-08 08:58:46 --> QuarterlyChartService (All Years) - Total uploads: 1
DEBUG - 2025-12-08 08:58:46 --> Initialized year: 2025
DEBUG - 2025-12-08 08:58:46 --> Upload ID 36 - PMA: 1653622393959.00, PMDN: 1817276331954.00
DEBUG - 2025-12-08 08:58:46 --> Added to Q3: 3470898725913 (Total now: 3470898725913)
DEBUG - 2025-12-08 08:58:46 --> Yearly quarterly data before conversion: {"2025":{"Q1":0,"Q2":0,"Q3":3470898725913,"Q4":0}}
DEBUG - 2025-12-08 08:58:46 --> QuarterlyChartService (All Years) - Final result: {"2025":{"labels":["Q1","Q2","Q3","Q4"],"values":[0,0,3470898725913,0]}}
INFO - 2025-12-08 08:58:52 --> Session: Class initialized using 'CodeIgniter\Session\Handlers\FileHandler' driver.
INFO - 2025-12-08 08:58:52 --> Session: Class initialized using 'CodeIgniter\Session\Handlers\FileHandler' driver.
INFO - 2025-12-08 08:59:34 --> Session: Class initialized using 'CodeIgniter\Session\Handlers\FileHandler' driver.
INFO - 2025-12-08 08:59:37 --> Session: Class initialized using 'CodeIgniter\Session\Handlers\FileHandler' driver.
INFO - 2025-12-08 08:59:45 --> Session: Class initialized using 'CodeIgniter\Session\Handlers\FileHandler' driver.
INFO - 2025-12-08 08:59:45 --> Session: Class initialized using 'CodeIgniter\Session\Handlers\FileHandler' driver.
INFO - 2025-12-08 08:59:48 --> Session: Class initialized using 'CodeIgniter\Session\Handlers\FileHandler' driver.
INFO - 2025-12-08 08:59:48 --> Session: Class initialized using 'CodeIgniter\Session\Handlers\FileHandler' driver.
INFO - 2025-12-08 08:59:55 --> Session: Class initialized using 'CodeIgniter\Session\Handlers\FileHandler' driver.
INFO - 2025-12-08 08:59:56 --> Session: Class initialized using 'CodeIgniter\Session\Handlers\FileHandler' driver.
INFO - 2025-12-08 09:00:01 --> Session: Class initialized using 'CodeIgniter\Session\Handlers\FileHandler' driver.
INFO - 2025-12-08 09:00:01 --> Session: Class initialized using 'CodeIgniter\Session\Handlers\FileHandler' driver.
INFO - 2025-12-08 09:00:05 --> Session: Class initialized using 'CodeIgniter\Session\Handlers\FileHandler' driver.
INFO - 2025-12-08 09:00:06 --> Session: Class initialized using 'CodeIgniter\Session\Handlers\FileHandler' driver.
INFO - 2025-12-08 09:01:22 --> Session: Class initialized using 'CodeIgniter\Session\Handlers\FileHandler' driver.
INFO - 2025-12-08 09:01:28 --> Session: Class initialized using 'CodeIgniter\Session\Handlers\FileHandler' driver.
INFO - 2025-12-08 09:01:34 --> Session: Class initialized using 'CodeIgniter\Session\Handlers\FileHandler' driver.
INFO - 2025-12-08 09:01:34 --> Session: Class initialized using 'CodeIgniter\Session\Handlers\FileHandler' driver.
INFO - 2025-12-08 16:19:50 --> Session: Class initialized using 'CodeIgniter\Session\Handlers\FileHandler' driver.
INFO - 2025-12-08 16:19:51 --> Session: Class initialized using 'CodeIgniter\Session\Handlers\FileHandler' driver.
INFO - 2025-12-08 16:20:05 --> Session: Class initialized using 'CodeIgniter\Session\Handlers\FileHandler' driver.
ERROR - 2025-12-08 16:20:05 --> Error connecting to the database: mysqli_sql_exception: Access denied for user 'ptsp'@'localhost' (using password: YES) in C:\laragon\www\Sistem Statistik Terpadu - Copy\system\Database\MySQLi\Connection.php:186
Stack trace:
#0 C:\laragon\www\Sistem Statistik Terpadu - Copy\system\Database\MySQLi\Connection.php(186): mysqli->real_connect('localhost', 'ptsp', Object(SensitiveParameterValue), 'sst', 3306, '', 0)
#1 C:\laragon\www\Sistem Statistik Terpadu - Copy\system\Database\BaseConnection.php(421): CodeIgniter\Database\MySQLi\Connection->connect(false)
#2 C:\laragon\www\Sistem Statistik Terpadu - Copy\system\Database\BaseConnection.php(616): CodeIgniter\Database\BaseConnection->initialize()
#3 C:\laragon\www\Sistem Statistik Terpadu - Copy\system\Database\BaseBuilder.php(1644): CodeIgniter\Database\BaseConnection->query('SELECT *\nFROM `...', Array, false)
#4 C:\laragon\www\Sistem Statistik Terpadu - Copy\system\Model.php(330): CodeIgniter\Database\BaseBuilder->get()
#5 C:\laragon\www\Sistem Statistik Terpadu - Copy\system\BaseModel.php(714): CodeIgniter\Model->doFirst()
#6 C:\laragon\www\Sistem Statistik Terpadu - Copy\app\Models\UserModel.php(79): CodeIgniter\BaseModel->first()
#7 C:\laragon\www\Sistem Statistik Terpadu - Copy\app\Controllers\Auth.php(45): App\Models\UserModel->getUserByUsernameOrEmail('superadmin')
#8 C:\laragon\www\Sistem Statistik Terpadu - Copy\system\CodeIgniter.php(933): App\Controllers\Auth->processLogin()
#9 C:\laragon\www\Sistem Statistik Terpadu - Copy\system\CodeIgniter.php(509): CodeIgniter\CodeIgniter->runController(Object(App\Controllers\Auth))
#10 C:\laragon\www\Sistem Statistik Terpadu - Copy\system\CodeIgniter.php(355): CodeIgniter\CodeIgniter->handleRequest(NULL, Object(Config\Cache), false)
#11 C:\laragon\www\Sistem Statistik Terpadu - Copy\system\Boot.php(325): CodeIgniter\CodeIgniter->run()
#12 C:\laragon\www\Sistem Statistik Terpadu - Copy\system\Boot.php(67): CodeIgniter\Boot::runCodeIgniter(Object(CodeIgniter\CodeIgniter))
#13 C:\laragon\www\Sistem Statistik Terpadu - Copy\public\index.php(56): CodeIgniter\Boot::bootWeb(Object(Config\Paths))
#14 C:\laragon\www\Sistem Statistik Terpadu - Copy\system\rewrite.php(44): require_once('C:\\laragon\\www\\...')
#15 {main}

Next CodeIgniter\Database\Exceptions\DatabaseException: Access denied for user '****'@'localhost' (using password: YES) in C:\laragon\www\Sistem Statistik Terpadu - Copy\system\Database\MySQLi\Connection.php:231
Stack trace:
#0 C:\laragon\www\Sistem Statistik Terpadu - Copy\system\Database\BaseConnection.php(421): CodeIgniter\Database\MySQLi\Connection->connect(false)
#1 C:\laragon\www\Sistem Statistik Terpadu - Copy\system\Database\BaseConnection.php(616): CodeIgniter\Database\BaseConnection->initialize()
#2 C:\laragon\www\Sistem Statistik Terpadu - Copy\system\Database\BaseBuilder.php(1644): CodeIgniter\Database\BaseConnection->query('SELECT *\nFROM `...', Array, false)
#3 C:\laragon\www\Sistem Statistik Terpadu - Copy\system\Model.php(330): CodeIgniter\Database\BaseBuilder->get()
#4 C:\laragon\www\Sistem Statistik Terpadu - Copy\system\BaseModel.php(714): CodeIgniter\Model->doFirst()
#5 C:\laragon\www\Sistem Statistik Terpadu - Copy\app\Models\UserModel.php(79): CodeIgniter\BaseModel->first()
#6 C:\laragon\www\Sistem Statistik Terpadu - Copy\app\Controllers\Auth.php(45): App\Models\UserModel->getUserByUsernameOrEmail('superadmin')
#7 C:\laragon\www\Sistem Statistik Terpadu - Copy\system\CodeIgniter.php(933): App\Controllers\Auth->processLogin()
#8 C:\laragon\www\Sistem Statistik Terpadu - Copy\system\CodeIgniter.php(509): CodeIgniter\CodeIgniter->runController(Object(App\Controllers\Auth))
#9 C:\laragon\www\Sistem Statistik Terpadu - Copy\system\CodeIgniter.php(355): CodeIgniter\CodeIgniter->handleRequest(NULL, Object(Config\Cache), false)
#10 C:\laragon\www\Sistem Statistik Terpadu - Copy\system\Boot.php(325): CodeIgniter\CodeIgniter->run()
#11 C:\laragon\www\Sistem Statistik Terpadu - Copy\system\Boot.php(67): CodeIgniter\Boot::runCodeIgniter(Object(CodeIgniter\CodeIgniter))
#12 C:\laragon\www\Sistem Statistik Terpadu - Copy\public\index.php(56): CodeIgniter\Boot::bootWeb(Object(Config\Paths))
#13 C:\laragon\www\Sistem Statistik Terpadu - Copy\system\rewrite.php(44): require_once('C:\\laragon\\www\\...')
#14 {main}
CRITICAL - 2025-12-08 16:20:05 --> CodeIgniter\Database\Exceptions\DatabaseException: Unable to connect to the database.
Main connection [MySQLi]: Access denied for user '****'@'localhost' (using password: YES)
[Method: POST, Route: auth/process-login]
in SYSTEMPATH\Database\BaseConnection.php on line 467.
 1 SYSTEMPATH\Database\BaseConnection.php(616): CodeIgniter\Database\BaseConnection->initialize()
 2 SYSTEMPATH\Database\BaseBuilder.php(1644): CodeIgniter\Database\BaseConnection->query('SELECT *
FROM `users`
WHERE `username` = :username:
OR `email` = :email:
AND `users`.`deleted_at` IS NULL
 LIMIT 1', [...], false)
 3 SYSTEMPATH\Model.php(330): CodeIgniter\Database\BaseBuilder->get()
 4 SYSTEMPATH\BaseModel.php(714): CodeIgniter\Model->doFirst()
 5 APPPATH\Models\UserModel.php(79): CodeIgniter\BaseModel->first()
 6 APPPATH\Controllers\Auth.php(45): App\Models\UserModel->getUserByUsernameOrEmail('superadmin')
 7 SYSTEMPATH\CodeIgniter.php(933): App\Controllers\Auth->processLogin()
 8 SYSTEMPATH\CodeIgniter.php(509): CodeIgniter\CodeIgniter->runController(Object(App\Controllers\Auth))
 9 SYSTEMPATH\CodeIgniter.php(355): CodeIgniter\CodeIgniter->handleRequest(null, Object(Config\Cache), false)
10 SYSTEMPATH\Boot.php(325): CodeIgniter\CodeIgniter->run()
11 SYSTEMPATH\Boot.php(67): CodeIgniter\Boot::runCodeIgniter(Object(CodeIgniter\CodeIgniter))
12 FCPATH\index.php(56): CodeIgniter\Boot::bootWeb(Object(Config\Paths))
13 SYSTEMPATH\rewrite.php(44): require_once('C:\\laragon\\www\\Sistem Statistik Terpadu - Copy\\public\\index.php')
INFO - 2025-12-08 16:22:13 --> Session: Class initialized using 'CodeIgniter\Session\Handlers\FileHandler' driver.
INFO - 2025-12-08 16:22:14 --> Session: Class initialized using 'CodeIgniter\Session\Handlers\FileHandler' driver.
INFO - 2025-12-08 16:22:37 --> Session: Class initialized using 'CodeIgniter\Session\Handlers\FileHandler' driver.
INFO - 2025-12-08 16:22:46 --> Session: Class initialized using 'CodeIgniter\Session\Handlers\FileHandler' driver.
INFO - 2025-12-08 16:22:54 --> Session: Class initialized using 'CodeIgniter\Session\Handlers\FileHandler' driver.
INFO - 2025-12-08 16:23:04 --> Session: Class initialized using 'CodeIgniter\Session\Handlers\FileHandler' driver.
INFO - 2025-12-08 16:23:16 --> Session: Class initialized using 'CodeIgniter\Session\Handlers\FileHandler' driver.
DEBUG - 2025-12-08 16:23:16 --> ValidateMetadata called - UploadID: 41, Quarter: 1, Normalized: 1, Year: 2025
DEBUG - 2025-12-08 16:23:16 --> === DUPLICATE CHECK START ===
DEBUG - 2025-12-08 16:23:16 --> Checking duplicate: Quarter=Q1, Year=2025, ExcludeId=41
DEBUG - 2025-12-08 16:23:16 --> ❌ NO DUPLICATE - Data aman untuk diproses
DEBUG - 2025-12-08 16:23:16 --> === DUPLICATE CHECK END ===
DEBUG - 2025-12-08 16:23:16 --> Validation passed - no duplicate found
INFO - 2025-12-08 16:23:18 --> Session: Class initialized using 'CodeIgniter\Session\Handlers\FileHandler' driver.
DEBUG - 2025-12-08 16:23:19 --> QuarterlyChartService - Total uploads: 1
DEBUG - 2025-12-08 16:23:19 --> QuarterlyChartService - Selected year: all
DEBUG - 2025-12-08 16:23:19 --> Processing upload ID: 41, Status: completed, Year: 2025, Quarter: Q1
DEBUG - 2025-12-08 16:23:19 --> Upload ID 41 - PMA: 1653622393959.00, PMDN: 1817276331954.00
DEBUG - 2025-12-08 16:23:19 --> Added to Q1: 3470898725913 (Total now: 3470898725913)
DEBUG - 2025-12-08 16:23:19 --> Final quarterly data before conversion: {"Q1":3470898725913,"Q2":0,"Q3":0,"Q4":0}
DEBUG - 2025-12-08 16:23:19 --> QuarterlyChartService (All Years) - Total uploads: 1
DEBUG - 2025-12-08 16:23:19 --> Initialized year: 2025
DEBUG - 2025-12-08 16:23:19 --> Upload ID 41 - PMA: 1653622393959.00, PMDN: 1817276331954.00
DEBUG - 2025-12-08 16:23:19 --> Added to Q1: 3470898725913 (Total now: 3470898725913)
DEBUG - 2025-12-08 16:23:19 --> Yearly quarterly data before conversion: {"2025":{"Q1":3470898725913,"Q2":0,"Q3":0,"Q4":0}}
DEBUG - 2025-12-08 16:23:19 --> QuarterlyChartService (All Years) - Final result: {"2025":{"labels":["Q1","Q2","Q3","Q4"],"values":[3470898725913,0,0,0]}}
INFO - 2025-12-08 16:23:44 --> Session: Class initialized using 'CodeIgniter\Session\Handlers\FileHandler' driver.
INFO - 2025-12-08 16:23:46 --> Session: Class initialized using 'CodeIgniter\Session\Handlers\FileHandler' driver.
INFO - 2025-12-08 16:23:59 --> Session: Class initialized using 'CodeIgniter\Session\Handlers\FileHandler' driver.
DEBUG - 2025-12-08 16:23:59 --> ValidateMetadata called - UploadID: 42, Quarter: 2, Normalized: 2, Year: 2025
DEBUG - 2025-12-08 16:23:59 --> === DUPLICATE CHECK START ===
DEBUG - 2025-12-08 16:23:59 --> Checking duplicate: Quarter=Q2, Year=2025, ExcludeId=42
DEBUG - 2025-12-08 16:23:59 --> ❌ NO DUPLICATE - Data aman untuk diproses
DEBUG - 2025-12-08 16:23:59 --> === DUPLICATE CHECK END ===
DEBUG - 2025-12-08 16:23:59 --> Validation passed - no duplicate found
INFO - 2025-12-08 16:24:02 --> Session: Class initialized using 'CodeIgniter\Session\Handlers\FileHandler' driver.
DEBUG - 2025-12-08 16:24:02 --> QuarterlyChartService - Total uploads: 2
DEBUG - 2025-12-08 16:24:02 --> QuarterlyChartService - Selected year: all
DEBUG - 2025-12-08 16:24:02 --> Processing upload ID: 42, Status: completed, Year: 2025, Quarter: Q2
DEBUG - 2025-12-08 16:24:02 --> Upload ID 42 - PMA: 1653622393959.00, PMDN: 1369327572783.00
DEBUG - 2025-12-08 16:24:02 --> Added to Q2: 3022949966742 (Total now: 3022949966742)
DEBUG - 2025-12-08 16:24:02 --> Processing upload ID: 41, Status: completed, Year: 2025, Quarter: Q1
DEBUG - 2025-12-08 16:24:02 --> Upload ID 41 - PMA: 1653622393959.00, PMDN: 1817276331954.00
DEBUG - 2025-12-08 16:24:02 --> Added to Q1: 3470898725913 (Total now: 3470898725913)
DEBUG - 2025-12-08 16:24:02 --> Final quarterly data before conversion: {"Q1":3470898725913,"Q2":3022949966742,"Q3":0,"Q4":0}
DEBUG - 2025-12-08 16:24:02 --> QuarterlyChartService (All Years) - Total uploads: 2
DEBUG - 2025-12-08 16:24:02 --> Initialized year: 2025
DEBUG - 2025-12-08 16:24:02 --> Upload ID 42 - PMA: 1653622393959.00, PMDN: 1369327572783.00
DEBUG - 2025-12-08 16:24:02 --> Added to Q2: 3022949966742 (Total now: 3022949966742)
DEBUG - 2025-12-08 16:24:02 --> Upload ID 41 - PMA: 1653622393959.00, PMDN: 1817276331954.00
DEBUG - 2025-12-08 16:24:02 --> Added to Q1: 3470898725913 (Total now: 3470898725913)
DEBUG - 2025-12-08 16:24:02 --> Yearly quarterly data before conversion: {"2025":{"Q1":3470898725913,"Q2":3022949966742,"Q3":0,"Q4":0}}
DEBUG - 2025-12-08 16:24:02 --> QuarterlyChartService (All Years) - Final result: {"2025":{"labels":["Q1","Q2","Q3","Q4"],"values":[3470898725913,3022949966742,0,0]}}
INFO - 2025-12-08 16:24:15 --> Session: Class initialized using 'CodeIgniter\Session\Handlers\FileHandler' driver.
DEBUG - 2025-12-08 16:24:15 --> QuarterlyChartService - Total uploads: 2
DEBUG - 2025-12-08 16:24:15 --> QuarterlyChartService - Selected year: all
DEBUG - 2025-12-08 16:24:15 --> Processing upload ID: 42, Status: completed, Year: 2025, Quarter: Q2
DEBUG - 2025-12-08 16:24:15 --> Upload ID 42 - PMA: 1653622393959.00, PMDN: 1369327572783.00
DEBUG - 2025-12-08 16:24:15 --> Added to Q2: 3022949966742 (Total now: 3022949966742)
DEBUG - 2025-12-08 16:24:15 --> Processing upload ID: 41, Status: completed, Year: 2025, Quarter: Q1
DEBUG - 2025-12-08 16:24:15 --> Upload ID 41 - PMA: 1653622393959.00, PMDN: 1817276331954.00
DEBUG - 2025-12-08 16:24:15 --> Added to Q1: 3470898725913 (Total now: 3470898725913)
DEBUG - 2025-12-08 16:24:15 --> Final quarterly data before conversion: {"Q1":3470898725913,"Q2":3022949966742,"Q3":0,"Q4":0}
DEBUG - 2025-12-08 16:24:15 --> Converted to USD with rate 16500
DEBUG - 2025-12-08 16:24:15 --> QuarterlyChartService (All Years) - Total uploads: 2
DEBUG - 2025-12-08 16:24:15 --> Initialized year: 2025
DEBUG - 2025-12-08 16:24:15 --> Upload ID 42 - PMA: 1653622393959.00, PMDN: 1369327572783.00
DEBUG - 2025-12-08 16:24:15 --> Added to Q2: 3022949966742 (Total now: 3022949966742)
DEBUG - 2025-12-08 16:24:15 --> Upload ID 41 - PMA: 1653622393959.00, PMDN: 1817276331954.00
DEBUG - 2025-12-08 16:24:15 --> Added to Q1: 3470898725913 (Total now: 3470898725913)
DEBUG - 2025-12-08 16:24:15 --> Yearly quarterly data before conversion: {"2025":{"Q1":3470898725913,"Q2":3022949966742,"Q3":0,"Q4":0}}
DEBUG - 2025-12-08 16:24:15 --> Converted to USD with rate 16500
DEBUG - 2025-12-08 16:24:15 --> QuarterlyChartService (All Years) - Final result: {"2025":{"labels":["Q1","Q2","Q3","Q4"],"values":[210357498.54,183209088.89,0,0]}}
INFO - 2025-12-08 16:26:18 --> Session: Class initialized using 'CodeIgniter\Session\Handlers\FileHandler' driver.
INFO - 2025-12-08 16:26:18 --> Session: Class initialized using 'CodeIgniter\Session\Handlers\FileHandler' driver.
DEBUG - 2025-12-08 16:26:18 --> QuarterlyChartService - Total uploads: 2
DEBUG - 2025-12-08 16:26:18 --> QuarterlyChartService - Selected year: all
DEBUG - 2025-12-08 16:26:18 --> Processing upload ID: 42, Status: completed, Year: 2025, Quarter: Q2
DEBUG - 2025-12-08 16:26:18 --> Upload ID 42 - PMA: 1653622393959.00, PMDN: 1369327572783.00
DEBUG - 2025-12-08 16:26:18 --> Added to Q2: 3022949966742 (Total now: 3022949966742)
DEBUG - 2025-12-08 16:26:18 --> Processing upload ID: 41, Status: completed, Year: 2025, Quarter: Q1
DEBUG - 2025-12-08 16:26:18 --> Upload ID 41 - PMA: 1653622393959.00, PMDN: 1817276331954.00
DEBUG - 2025-12-08 16:26:18 --> Added to Q1: 3470898725913 (Total now: 3470898725913)
DEBUG - 2025-12-08 16:26:18 --> Final quarterly data before conversion: {"Q1":3470898725913,"Q2":3022949966742,"Q3":0,"Q4":0}
DEBUG - 2025-12-08 16:26:18 --> Converted to USD with rate 16500
DEBUG - 2025-12-08 16:26:18 --> QuarterlyChartService (All Years) - Total uploads: 2
DEBUG - 2025-12-08 16:26:18 --> Initialized year: 2025
DEBUG - 2025-12-08 16:26:18 --> Upload ID 42 - PMA: 1653622393959.00, PMDN: 1369327572783.00
DEBUG - 2025-12-08 16:26:18 --> Added to Q2: 3022949966742 (Total now: 3022949966742)
DEBUG - 2025-12-08 16:26:18 --> Upload ID 41 - PMA: 1653622393959.00, PMDN: 1817276331954.00
DEBUG - 2025-12-08 16:26:18 --> Added to Q1: 3470898725913 (Total now: 3470898725913)
DEBUG - 2025-12-08 16:26:18 --> Yearly quarterly data before conversion: {"2025":{"Q1":3470898725913,"Q2":3022949966742,"Q3":0,"Q4":0}}
DEBUG - 2025-12-08 16:26:18 --> Converted to USD with rate 16500
DEBUG - 2025-12-08 16:26:18 --> QuarterlyChartService (All Years) - Final result: {"2025":{"labels":["Q1","Q2","Q3","Q4"],"values":[210357498.54,183209088.89,0,0]}}
INFO - 2025-12-08 16:26:25 --> Session: Class initialized using 'CodeIgniter\Session\Handlers\FileHandler' driver.
INFO - 2025-12-08 16:26:27 --> Session: Class initialized using 'CodeIgniter\Session\Handlers\FileHandler' driver.
DEBUG - 2025-12-08 16:26:28 --> QuarterlyChartService - Total uploads: 2
DEBUG - 2025-12-08 16:26:28 --> QuarterlyChartService - Selected year: all
DEBUG - 2025-12-08 16:26:28 --> Processing upload ID: 42, Status: completed, Year: 2025, Quarter: Q2
DEBUG - 2025-12-08 16:26:28 --> Upload ID 42 - PMA: 1653622393959.00, PMDN: 1369327572783.00
DEBUG - 2025-12-08 16:26:28 --> Added to Q2: 3022949966742 (Total now: 3022949966742)
DEBUG - 2025-12-08 16:26:28 --> Processing upload ID: 41, Status: completed, Year: 2025, Quarter: Q1
DEBUG - 2025-12-08 16:26:28 --> Upload ID 41 - PMA: 1653622393959.00, PMDN: 1817276331954.00
DEBUG - 2025-12-08 16:26:28 --> Added to Q1: 3470898725913 (Total now: 3470898725913)
DEBUG - 2025-12-08 16:26:28 --> Final quarterly data before conversion: {"Q1":3470898725913,"Q2":3022949966742,"Q3":0,"Q4":0}
DEBUG - 2025-12-08 16:26:28 --> Converted to USD with rate 16500
DEBUG - 2025-12-08 16:26:28 --> QuarterlyChartService (All Years) - Total uploads: 2
DEBUG - 2025-12-08 16:26:28 --> Initialized year: 2025
DEBUG - 2025-12-08 16:26:28 --> Upload ID 42 - PMA: 1653622393959.00, PMDN: 1369327572783.00
DEBUG - 2025-12-08 16:26:28 --> Added to Q2: 3022949966742 (Total now: 3022949966742)
DEBUG - 2025-12-08 16:26:28 --> Upload ID 41 - PMA: 1653622393959.00, PMDN: 1817276331954.00
DEBUG - 2025-12-08 16:26:28 --> Added to Q1: 3470898725913 (Total now: 3470898725913)
DEBUG - 2025-12-08 16:26:28 --> Yearly quarterly data before conversion: {"2025":{"Q1":3470898725913,"Q2":3022949966742,"Q3":0,"Q4":0}}
DEBUG - 2025-12-08 16:26:28 --> Converted to USD with rate 16500
DEBUG - 2025-12-08 16:26:28 --> QuarterlyChartService (All Years) - Final result: {"2025":{"labels":["Q1","Q2","Q3","Q4"],"values":[210357498.54,183209088.89,0,0]}}
INFO - 2025-12-08 16:26:29 --> Session: Class initialized using 'CodeIgniter\Session\Handlers\FileHandler' driver.
INFO - 2025-12-08 16:26:30 --> Session: Class initialized using 'CodeIgniter\Session\Handlers\FileHandler' driver.
INFO - 2025-12-08 16:26:41 --> Session: Class initialized using 'CodeIgniter\Session\Handlers\FileHandler' driver.
INFO - 2025-12-08 16:26:42 --> Session: Class initialized using 'CodeIgniter\Session\Handlers\FileHandler' driver.
DEBUG - 2025-12-08 16:26:42 --> QuarterlyChartService - Total uploads: 2
DEBUG - 2025-12-08 16:26:42 --> QuarterlyChartService - Selected year: all
DEBUG - 2025-12-08 16:26:42 --> Processing upload ID: 42, Status: completed, Year: 2025, Quarter: Q2
DEBUG - 2025-12-08 16:26:42 --> Upload ID 42 - PMA: 1653622393959.00, PMDN: 1369327572783.00
DEBUG - 2025-12-08 16:26:42 --> Added to Q2: 3022949966742 (Total now: 3022949966742)
DEBUG - 2025-12-08 16:26:42 --> Processing upload ID: 41, Status: completed, Year: 2025, Quarter: Q1
DEBUG - 2025-12-08 16:26:42 --> Upload ID 41 - PMA: 1653622393959.00, PMDN: 1817276331954.00
DEBUG - 2025-12-08 16:26:42 --> Added to Q1: 3470898725913 (Total now: 3470898725913)
DEBUG - 2025-12-08 16:26:42 --> Final quarterly data before conversion: {"Q1":3470898725913,"Q2":3022949966742,"Q3":0,"Q4":0}
DEBUG - 2025-12-08 16:26:42 --> QuarterlyChartService (All Years) - Total uploads: 2
DEBUG - 2025-12-08 16:26:42 --> Initialized year: 2025
DEBUG - 2025-12-08 16:26:42 --> Upload ID 42 - PMA: 1653622393959.00, PMDN: 1369327572783.00
DEBUG - 2025-12-08 16:26:42 --> Added to Q2: 3022949966742 (Total now: 3022949966742)
DEBUG - 2025-12-08 16:26:42 --> Upload ID 41 - PMA: 1653622393959.00, PMDN: 1817276331954.00
DEBUG - 2025-12-08 16:26:42 --> Added to Q1: 3470898725913 (Total now: 3470898725913)
DEBUG - 2025-12-08 16:26:42 --> Yearly quarterly data before conversion: {"2025":{"Q1":3470898725913,"Q2":3022949966742,"Q3":0,"Q4":0}}
DEBUG - 2025-12-08 16:26:42 --> QuarterlyChartService (All Years) - Final result: {"2025":{"labels":["Q1","Q2","Q3","Q4"],"values":[3470898725913,3022949966742,0,0]}}
INFO - 2025-12-08 16:26:57 --> Session: Class initialized using 'CodeIgniter\Session\Handlers\FileHandler' driver.
DEBUG - 2025-12-08 16:26:57 --> QuarterlyChartService - Total uploads: 2
DEBUG - 2025-12-08 16:26:57 --> QuarterlyChartService - Selected year: all
DEBUG - 2025-12-08 16:26:57 --> Processing upload ID: 42, Status: completed, Year: 2025, Quarter: Q2
DEBUG - 2025-12-08 16:26:57 --> Upload ID 42 - PMA: 1653622393959.00, PMDN: 1369327572783.00
DEBUG - 2025-12-08 16:26:57 --> Added to Q2: 3022949966742 (Total now: 3022949966742)
DEBUG - 2025-12-08 16:26:57 --> Processing upload ID: 41, Status: completed, Year: 2025, Quarter: Q1
DEBUG - 2025-12-08 16:26:57 --> Upload ID 41 - PMA: 1653622393959.00, PMDN: 1817276331954.00
DEBUG - 2025-12-08 16:26:57 --> Added to Q1: 3470898725913 (Total now: 3470898725913)
DEBUG - 2025-12-08 16:26:57 --> Final quarterly data before conversion: {"Q1":3470898725913,"Q2":3022949966742,"Q3":0,"Q4":0}
DEBUG - 2025-12-08 16:26:57 --> QuarterlyChartService (All Years) - Total uploads: 2
DEBUG - 2025-12-08 16:26:57 --> Initialized year: 2025
DEBUG - 2025-12-08 16:26:57 --> Upload ID 42 - PMA: 1653622393959.00, PMDN: 1369327572783.00
DEBUG - 2025-12-08 16:26:57 --> Added to Q2: 3022949966742 (Total now: 3022949966742)
DEBUG - 2025-12-08 16:26:57 --> Upload ID 41 - PMA: 1653622393959.00, PMDN: 1817276331954.00
DEBUG - 2025-12-08 16:26:57 --> Added to Q1: 3470898725913 (Total now: 3470898725913)
DEBUG - 2025-12-08 16:26:57 --> Yearly quarterly data before conversion: {"2025":{"Q1":3470898725913,"Q2":3022949966742,"Q3":0,"Q4":0}}
DEBUG - 2025-12-08 16:26:57 --> QuarterlyChartService (All Years) - Final result: {"2025":{"labels":["Q1","Q2","Q3","Q4"],"values":[3470898725913,3022949966742,0,0]}}
INFO - 2025-12-08 16:27:14 --> Session: Class initialized using 'CodeIgniter\Session\Handlers\FileHandler' driver.
INFO - 2025-12-08 16:27:14 --> Session: Class initialized using 'CodeIgniter\Session\Handlers\FileHandler' driver.
