INFO - 2025-12-12 03:27:44 --> Session: Class initialized using 'CodeIgniter\Session\Handlers\FileHandler' driver.
INFO - 2025-12-12 03:27:52 --> Session: Class initialized using 'CodeIgniter\Session\Handlers\FileHandler' driver.
INFO - 2025-12-12 03:28:13 --> Session: Class initialized using 'CodeIgniter\Session\Handlers\FileHandler' driver.
INFO - 2025-12-12 03:28:18 --> Session: Class initialized using 'CodeIgniter\Session\Handlers\FileHandler' driver.
DEBUG - 2025-12-12 03:28:18 --> QuarterlyChartService - Total uploads: 1
DEBUG - 2025-12-12 03:28:18 --> QuarterlyChartService - Selected year: all
DEBUG - 2025-12-12 03:28:18 --> Processing upload ID: 48, Status: completed, Year: 2025, Quarter: Q3
DEBUG - 2025-12-12 03:28:18 --> Upload ID 48 - PMA: 1653622393959.00, PMDN: 1817276331954.00
DEBUG - 2025-12-12 03:28:18 --> Added to Q3: 3470898725913 (Total now: 3470898725913)
DEBUG - 2025-12-12 03:28:18 --> Final quarterly data before conversion: {"Q1":0,"Q2":0,"Q3":3470898725913,"Q4":0}
DEBUG - 2025-12-12 03:28:18 --> QuarterlyChartService (All Years) - Total uploads: 1
DEBUG - 2025-12-12 03:28:18 --> Initialized year: 2025
DEBUG - 2025-12-12 03:28:18 --> Upload ID 48 - PMA: 1653622393959.00, PMDN: 1817276331954.00
DEBUG - 2025-12-12 03:28:18 --> Added to Q3: 3470898725913 (Total now: 3470898725913)
DEBUG - 2025-12-12 03:28:18 --> Yearly quarterly data before conversion: {"2025":{"Q1":0,"Q2":0,"Q3":3470898725913,"Q4":0}}
DEBUG - 2025-12-12 03:28:18 --> QuarterlyChartService (All Years) - Final result: {"2025":{"labels":["Q1","Q2","Q3","Q4"],"values":[0,0,3470898725913,0]}}
INFO - 2025-12-12 03:28:46 --> Session: Class initialized using 'CodeIgniter\Session\Handlers\FileHandler' driver.
INFO - 2025-12-12 03:30:07 --> Session: Class initialized using 'CodeIgniter\Session\Handlers\FileHandler' driver.
DEBUG - 2025-12-12 03:30:07 --> QuarterlyChartService - Total uploads: 1
DEBUG - 2025-12-12 03:30:07 --> QuarterlyChartService - Selected year: all
DEBUG - 2025-12-12 03:30:07 --> Processing upload ID: 48, Status: completed, Year: 2025, Quarter: Q3
DEBUG - 2025-12-12 03:30:07 --> Upload ID 48 - PMA: 1653622393959.00, PMDN: 1817276331954.00
DEBUG - 2025-12-12 03:30:07 --> Added to Q3: 3470898725913 (Total now: 3470898725913)
DEBUG - 2025-12-12 03:30:07 --> Final quarterly data before conversion: {"Q1":0,"Q2":0,"Q3":3470898725913,"Q4":0}
DEBUG - 2025-12-12 03:30:07 --> Converted to USD with rate 16000
DEBUG - 2025-12-12 03:30:07 --> QuarterlyChartService (All Years) - Total uploads: 1
DEBUG - 2025-12-12 03:30:07 --> Initialized year: 2025
DEBUG - 2025-12-12 03:30:07 --> Upload ID 48 - PMA: 1653622393959.00, PMDN: 1817276331954.00
DEBUG - 2025-12-12 03:30:07 --> Added to Q3: 3470898725913 (Total now: 3470898725913)
DEBUG - 2025-12-12 03:30:07 --> Yearly quarterly data before conversion: {"2025":{"Q1":0,"Q2":0,"Q3":3470898725913,"Q4":0}}
DEBUG - 2025-12-12 03:30:07 --> Converted to USD with rate 16000
DEBUG - 2025-12-12 03:30:07 --> QuarterlyChartService (All Years) - Final result: {"2025":{"labels":["Q1","Q2","Q3","Q4"],"values":[0,0,216931170.37,0]}}
INFO - 2025-12-12 03:30:28 --> Session: Class initialized using 'CodeIgniter\Session\Handlers\FileHandler' driver.
DEBUG - 2025-12-12 03:30:28 --> QuarterlyChartService - Total uploads: 1
DEBUG - 2025-12-12 03:30:28 --> QuarterlyChartService - Selected year: all
DEBUG - 2025-12-12 03:30:28 --> Processing upload ID: 48, Status: completed, Year: 2025, Quarter: Q3
DEBUG - 2025-12-12 03:30:28 --> Upload ID 48 - PMA: 1653622393959.00, PMDN: 1817276331954.00
DEBUG - 2025-12-12 03:30:28 --> Added to Q3: 3470898725913 (Total now: 3470898725913)
DEBUG - 2025-12-12 03:30:28 --> Final quarterly data before conversion: {"Q1":0,"Q2":0,"Q3":3470898725913,"Q4":0}
DEBUG - 2025-12-12 03:30:28 --> QuarterlyChartService (All Years) - Total uploads: 1
DEBUG - 2025-12-12 03:30:28 --> Initialized year: 2025
DEBUG - 2025-12-12 03:30:28 --> Upload ID 48 - PMA: 1653622393959.00, PMDN: 1817276331954.00
DEBUG - 2025-12-12 03:30:28 --> Added to Q3: 3470898725913 (Total now: 3470898725913)
DEBUG - 2025-12-12 03:30:28 --> Yearly quarterly data before conversion: {"2025":{"Q1":0,"Q2":0,"Q3":3470898725913,"Q4":0}}
DEBUG - 2025-12-12 03:30:28 --> QuarterlyChartService (All Years) - Final result: {"2025":{"labels":["Q1","Q2","Q3","Q4"],"values":[0,0,3470898725913,0]}}
